lecture4-v22/app/build/outputs/logs/manifest-merger-debug-report.txt
-- Merging decision tree log ---
manifest
ADDED from src\main\AndroidManifest.xml:2:1-38:12
	package
		ADDED from src\main\AndroidManifest.xml:3:5-29
		INJECTED from src\main\AndroidManifest.xml
		INJECTED from src\main\AndroidManifest.xml
	android:versionName
		ADDED from src\main\AndroidManifest.xml:5:5-30
	android:versionCode
		ADDED from src\main\AndroidManifest.xml:4:5-28
		INJECTED from src\main\AndroidManifest.xml
		INJECTED from src\main\AndroidManifest.xml
	xmlns:android
		ADDED from src\main\AndroidManifest.xml:2:11-69
uses-sdk
ADDED from src\main\AndroidManifest.xml:7:5-9:41
	android:targetSdkVersion
		ADDED from src\main\AndroidManifest.xml:9:9-38
		INJECTED from src\main\AndroidManifest.xml
		INJECTED from src\main\AndroidManifest.xml
	android:minSdkVersion
		ADDED from src\main\AndroidManifest.xml:8:9-35
		INJECTED from src\main\AndroidManifest.xml
		INJECTED from src\main\AndroidManifest.xml
uses-permission#android.permission.READ_CONTACTS
ADDED from src\main\AndroidManifest.xml:11:5-72
	android:name
		ADDED from src\main\AndroidManifest.xml:11:22-69
uses-permission#android.permission.WRITE_EXTERNAL_STORAGE
ADDED from src\main\AndroidManifest.xml:13:5-81
	android:name
		ADDED from src\main\AndroidManifest.xml:13:22-78
uses-permission#android.permission.READ_PHONE_STATE
ADDED from src\main\AndroidManifest.xml:14:5-75
	android:name
		ADDED from src\main\AndroidManifest.xml:14:22-72
uses-permission#android.permission.READ_EXTERNAL_STORAGE
ADDED from src\main\AndroidManifest.xml:15:5-80
	android:name
		ADDED from src\main\AndroidManifest.xml:15:22-77
application
ADDED from src\main\AndroidManifest.xml:17:5-36:19
	android:label
		ADDED from src\main\AndroidManifest.xml:19:9-41
	android:icon
		ADDED from src\main\AndroidManifest.xml:18:9-44
activity#dv606.lecture4.MainList
ADDED from src\main\AndroidManifest.xml:20:9-28:20
	android:label
		ADDED from src\main\AndroidManifest.xml:22:13-49
	android:name
		ADDED from src\main\AndroidManifest.xml:21:13-37
intent-filter#android.intent.action.MAIN+android.intent.category.LAUNCHER
ADDED from src\main\AndroidManifest.xml:23:13-27:29
action#android.intent.action.MAIN
ADDED from src\main\AndroidManifest.xml:24:17-69
	android:name
		ADDED from src\main\AndroidManifest.xml:24:25-66
category#android.intent.category.LAUNCHER
ADDED from src\main\AndroidManifest.xml:26:17-77
	android:name
		ADDED from src\main\AndroidManifest.xml:26:27-74
activity#dv606.lecture4.files.FileIOActivity
ADDED from src\main\AndroidManifest.xml:30:9-58
	android:name
		ADDED from src\main\AndroidManifest.xml:30:19-55
activity#dv606.lecture4.files.ReadResourceFile
ADDED from src\main\AndroidManifest.xml:31:9-60
	android:name
		ADDED from src\main\AndroidManifest.xml:31:19-57
activity#dv606.lecture4.todo.TodoTasksActivity
ADDED from src\main\AndroidManifest.xml:32:9-60
	android:name
		ADDED from src\main\AndroidManifest.xml:32:19-57
activity#dv606.lecture4.preferences.SimplePreferenceActivity
ADDED from src\main\AndroidManifest.xml:33:9-74
	android:name
		ADDED from src\main\AndroidManifest.xml:33:19-71
activity#dv606.lecture4.preferences.SimplePrefs
ADDED from src\main\AndroidManifest.xml:34:9-61
	android:name
		ADDED from src\main\AndroidManifest.xml:34:19-58
activity#dv606.lecture4.provider.ContactsActivity
ADDED from src\main\AndroidManifest.xml:35:9-63
	android:name
		ADDED from src\main\AndroidManifest.xml:35:19-60